*****************************************************************************************************************
*   FILENAME    *    PRIORITY    *  TEST-CASE LENGTH  *  NUMBER OF ACTIONS  *    BUG PRODUCED  *  EXCEPTION
*****************************************************************************************************************
* Readme  *      HIGH      *         4         *       0         *       True     *  test-case failed to execute with following message: b'  File "Readme", line 1\r\n    This empty-file is needed to run AGTGAdriver.press_keycode(3) \r\n             ^\r\nSyntaxError: invalid syntax\r\n'
_________________________________________________________________________________________________________________
* TestCase00.py  *      HIGH      *         20         *       4         *       True     *  test-case failed to execute with following message: b'Traceback (most recent call last):\r\n  File "TestCase00.py", line 13, in <module>\r\n    el.click()\r\nAttributeError: \'NoneType\' object has no attribute \'click\'\r\n'
_________________________________________________________________________________________________________________
* TestCase01.py  *       LOW      *         47         *       15         *       False     *  Server-side error occurred. Please rerun this test-case
_________________________________________________________________________________________________________________
* TestCase02.py  *       LOW      *         13         *       1         *       False     *  None
_________________________________________________________________________________________________________________
* TestCase03.py  *       LOW      *         20         *       4         *       False     *  None
_________________________________________________________________________________________________________________
* TestCase04.py  *       LOW      *         19         *       3         *       False     *  None
_________________________________________________________________________________________________________________
* TestCase05.py  *       LOW      *         17         *       3         *       False     *  None
_________________________________________________________________________________________________________________
* TestCase06.py  *      HIGH      *         25         *       5         *       True     *  test-case failed to execute with following message: b'Traceback (most recent call last):\r\n  File "TestCase06.py", line 13, in <module>\r\n    el.click()\r\nAttributeError: \'NoneType\' object has no attribute \'click\'\r\n'
_________________________________________________________________________________________________________________
* TestCase07.py  *      HIGH      *         22         *       4         *       True     *  test-case failed to execute with following message: b'Traceback (most recent call last):\r\n  File "TestCase07.py", line 22, in <module>\r\n    el.click()\r\nAttributeError: \'NoneType\' object has no attribute \'click\'\r\n'
_________________________________________________________________________________________________________________
* TestCase08.py  *       LOW      *         17         *       3         *       False     *  Server-side error occurred. Please rerun this test-case
_________________________________________________________________________________________________________________
* TestCase09.py  *       LOW      *         13         *       1         *       False     *  None
_________________________________________________________________________________________________________________
* TestCase10.py  *       LOW      *         17         *       3         *       False     *  None
_________________________________________________________________________________________________________________
* TestCase11.py  *       LOW      *         16         *       2         *       False     *  None
_________________________________________________________________________________________________________________
* TestCase12.py  *       LOW      *         22         *       4         *       False     *  None
_________________________________________________________________________________________________________________
* TestCase13.py  *      HIGH      *         19         *       3         *       True     *  test-case failed to execute with following message: b'Traceback (most recent call last):\r\n  File "TestCase13.py", line 13, in <module>\r\n    el.click()\r\nAttributeError: \'NoneType\' object has no attribute \'click\'\r\n'
_________________________________________________________________________________________________________________
* TestCase14.py  *       LOW      *         17         *       3         *       False     *  None
_________________________________________________________________________________________________________________
* TestCase15.py  *       LOW      *         16         *       2         *       False     *  Server-side error occurred. Please rerun this test-case
_________________________________________________________________________________________________________________
* TestCase16.py  *       LOW      *         17         *       3         *       False     *  None
_________________________________________________________________________________________________________________
* TestCase17.py  *       LOW      *         16         *       2         *       False     *  None
_________________________________________________________________________________________________________________
* TestCase18.py  *       LOW      *         16         *       2         *       False     *  None
_________________________________________________________________________________________________________________
* TestCase19.py  *       LOW      *         14         *       2         *       False     *  None
_________________________________________________________________________________________________________________
* TestCase20.py  *       LOW      *         16         *       2         *       False     *  None
_________________________________________________________________________________________________________________
* TestCase21.py  *       LOW      *         19         *       3         *       False     *  None
_________________________________________________________________________________________________________________
* TestCase22.py  *       LOW      *         37         *       9         *       False     *  None
_________________________________________________________________________________________________________________
* TestCase23.py  *       LOW      *         14         *       2         *       False     *  None
_________________________________________________________________________________________________________________
* TestCase24.py  *       LOW      *         10         *       0         *       False     *  None
_________________________________________________________________________________________________________________
*   Average Test-Case Length               =                         25.0
*   Average Action per Test-case           =                         5.4
*****************************************************************************************************************