*****************************************************************************************************************
*   FILENAME    *    PRIORITY    *  TEST-CASE LENGTH  *  NUMBER OF ACTIONS  *    BUG PRODUCED  *  EXCEPTION
*****************************************************************************************************************
* Readme  *      HIGH      *         4         *       0         *       True     *  test-case failed to execute with following message: b'  File "Readme", line 1\r\n    This empty-file is needed to run AGTGAdriver.press_keycode(3) \r\n         ^\r\nSyntaxError: invalid syntax\r\n'
_________________________________________________________________________________________________________________
* TestCase00.py  *      HIGH      *         121         *       37         *       True     *  test-case failed to execute with following message: b'Traceback (most recent call last):\r\n  File "TestCase00.py", line 41, in <module>\r\n    el.click()\r\nAttributeError: \'NoneType\' object has no attribute \'click\'\r\n'
_________________________________________________________________________________________________________________
* TestCase01.py  *      HIGH      *         48         *       12         *       True     *  test-case failed to execute with following message: b'Traceback (most recent call last):\r\n  File "TestCase01.py", line 13, in <module>\r\n    el.click()\r\nAttributeError: \'NoneType\' object has no attribute \'click\'\r\n'
_________________________________________________________________________________________________________________
* TestCase02.py  *       LOW      *         35         *       7         *       False     *  Server-side error occurred. Please rerun this test-case
_________________________________________________________________________________________________________________
* TestCase03.py  *       LOW      *         18         *       2         *       False     *  Server-side error occurred. Please rerun this test-case
_________________________________________________________________________________________________________________
* TestCase04.py  *       LOW      *         20         *       2         *       False     *  None
_________________________________________________________________________________________________________________
* TestCase05.py  *      HIGH      *         85         *       25         *       True     *  test-case failed to execute with following message: b'Traceback (most recent call last):\r\n  File "TestCase05.py", line 20, in <module>\r\n    el.click()\r\nAttributeError: \'NoneType\' object has no attribute \'click\'\r\n'
_________________________________________________________________________________________________________________
* TestCase06.py  *       LOW      *         45         *       11         *       False     *  Server-side error occurred. Please rerun this test-case
_________________________________________________________________________________________________________________
* TestCase07.py  *       LOW      *         23         *       3         *       False     *  None
_________________________________________________________________________________________________________________
* TestCase08.py  *      HIGH      *         26         *       4         *       True     *  test-case failed to execute with following message: b'Traceback (most recent call last):\r\n  File "TestCase08.py", line 13, in <module>\r\n    el.click()\r\nAttributeError: \'NoneType\' object has no attribute \'click\'\r\n'
_________________________________________________________________________________________________________________
* TestCase09.py  *       LOW      *         43         *       11         *       False     *  None
_________________________________________________________________________________________________________________
* TestCase10.py  *      HIGH      *         50         *       12         *       True     *  test-case failed to execute with following message: b'Traceback (most recent call last):\r\n  File "TestCase10.py", line 13, in <module>\r\n    el.click()\r\nAttributeError: \'NoneType\' object has no attribute \'click\'\r\n'
_________________________________________________________________________________________________________________
* TestCase11.py  *      HIGH      *         41         *       9         *       True     *  test-case failed to execute with following message: b'Traceback (most recent call last):\r\n  File "TestCase11.py", line 16, in <module>\r\n    el.click()\r\nAttributeError: \'NoneType\' object has no attribute \'click\'\r\n'
_________________________________________________________________________________________________________________
* TestCase12.py  *       LOW      *         50         *       12         *       False     *  Server-side error occurred. Please rerun this test-case
_________________________________________________________________________________________________________________
* TestCase13.py  *       LOW      *         20         *       2         *       False     *  Server-side error occurred. Please rerun this test-case
_________________________________________________________________________________________________________________
* TestCase14.py  *      HIGH      *         56         *       14         *       True     *  test-case failed to execute with following message: b'Traceback (most recent call last):\r\n  File "TestCase14.py", line 31, in <module>\r\n    el.click()\r\nAttributeError: \'NoneType\' object has no attribute \'click\'\r\n'
_________________________________________________________________________________________________________________
*   Average Test-Case Length               =                         47.357142857142854
*   Average Action per Test-case           =                         11.5
*****************************************************************************************************************