*****************************************************************************************************************
*   FILENAME    *    PRIORITY    *  TEST-CASE LENGTH  *  NUMBER OF ACTIONS  *    BUG PRODUCED  *  EXCEPTION
*****************************************************************************************************************
* Readme  *      HIGH      *         4         *       0         *       True     *  test-case failed to execute with following message: b'  File "Readme", line 1\r\n    This empty-file is needed to run AGTGAdriver.press_keycode(3) \r\n             ^\r\nSyntaxError: invalid syntax\r\n'
_________________________________________________________________________________________________________________
* TestCase00.py  *       LOW      *         44         *       12         *       False     *  None
_________________________________________________________________________________________________________________
* TestCase01.py  *       LOW      *         31         *       7         *       False     *  None
_________________________________________________________________________________________________________________
* TestCase02.py  *       LOW      *         22         *       4         *       False     *  None
_________________________________________________________________________________________________________________
* TestCase03.py  *      HIGH      *         44         *       12         *       True     *  test-case failed to execute with following message: b'Traceback (most recent call last):\r\n  File "TestCase03.py", line 22, in <module>\r\n    el.click()\r\nAttributeError: \'NoneType\' object has no attribute \'click\'\r\n'
_________________________________________________________________________________________________________________
* TestCase04.py  *       LOW      *         19         *       3         *       False     *  None
_________________________________________________________________________________________________________________
* TestCase05.py  *       LOW      *         22         *       4         *       False     *  None
_________________________________________________________________________________________________________________
* TestCase06.py  *      MEDIUM      *         56         *       16         *       False     *  None
_________________________________________________________________________________________________________________
* TestCase07.py  *       LOW      *         25         *       5         *       False     *  None
_________________________________________________________________________________________________________________
* TestCase08.py  *       LOW      *         29         *       7         *       False     *  None
_________________________________________________________________________________________________________________
* TestCase09.py  *       LOW      *         29         *       7         *       False     *  None
_________________________________________________________________________________________________________________
* TestCase10.py  *       LOW      *         25         *       5         *       False     *  None
_________________________________________________________________________________________________________________
* TestCase11.py  *       LOW      *         14         *       2         *       False     *  None
_________________________________________________________________________________________________________________
* TestCase12.py  *      HIGH      *         80         *       24         *       True     *  test-case failed to execute with following message: b'Traceback (most recent call last):\r\n  File "TestCase12.py", line 31, in <module>\r\n    el.click()\r\nAttributeError: \'NoneType\' object has no attribute \'click\'\r\n'
_________________________________________________________________________________________________________________
* TestCase13.py  *       LOW      *         16         *       2         *       False     *  None
_________________________________________________________________________________________________________________
* TestCase14.py  *       LOW      *         22         *       4         *       False     *  None
_________________________________________________________________________________________________________________
* TestCase15.py  *      HIGH      *         47         *       13         *       True     *  test-case failed to execute with following message: b'Traceback (most recent call last):\r\n  File "TestCase15.py", line 34, in <module>\r\n    el.click()\r\nAttributeError: \'NoneType\' object has no attribute \'click\'\r\n'
_________________________________________________________________________________________________________________
* TestCase16.py  *       LOW      *         10         *       0         *       False     *  None
_________________________________________________________________________________________________________________
*   Average Test-Case Length               =                         35.357142857142854
*   Average Action per Test-case           =                         8.785714285714286
*****************************************************************************************************************