*****************************************************************************************************************
*   FILENAME    *    PRIORITY    *  TEST-CASE LENGTH  *  NUMBER OF ACTIONS  *    BUG PRODUCED  *  EXCEPTION
*****************************************************************************************************************
* Readme  *      HIGH      *         4         *       0         *       True     *  test-case failed to execute with following message: b'  File "Readme", line 1\r\n    This empty-file is needed to run AGTGAdriver.press_keycode(3) \r\n             ^\r\nSyntaxError: invalid syntax\r\n'
_________________________________________________________________________________________________________________
* TestCase00.py  *       LOW      *         10         *       0         *       False     *  None
_________________________________________________________________________________________________________________
* TestCase01.py  *      MEDIUM      *         100         *       30         *       False     *  None
_________________________________________________________________________________________________________________
* TestCase02.py  *      MEDIUM      *         74         *       22         *       False     *  None
_________________________________________________________________________________________________________________
* TestCase03.py  *      MEDIUM      *         83         *       23         *       False     *  None
_________________________________________________________________________________________________________________
* TestCase04.py  *       LOW      *         10         *       0         *       False     *  None
_________________________________________________________________________________________________________________
* TestCase05.py  *      HIGH      *         49         *       13         *       True     *  test-case failed to execute with following message: b'Traceback (most recent call last):\r\n  File "TestCase05.py", line 49, in <module>\r\n    el.click()\r\nAttributeError: \'NoneType\' object has no attribute \'click\'\r\n'
_________________________________________________________________________________________________________________
* TestCase06.py  *      MEDIUM      *         52         *       14         *       False     *  Server-side error occurred. Please rerun this test-case
_________________________________________________________________________________________________________________
* TestCase07.py  *       LOW      *         10         *       0         *       False     *  None
_________________________________________________________________________________________________________________
* TestCase08.py  *      HIGH      *         88         *       26         *       True     *  test-case failed to execute with following message: b'Traceback (most recent call last):\r\n  File "TestCase08.py", line 26, in <module>\r\n    el.click()\r\nAttributeError: \'NoneType\' object has no attribute \'click\'\r\n'
_________________________________________________________________________________________________________________
* TestCase09.py  *      MEDIUM      *         70         *       20         *       False     *  Server-side error occurred. Please rerun this test-case
_________________________________________________________________________________________________________________
* TestCase10.py  *       LOW      *         40         *       10         *       False     *  None
_________________________________________________________________________________________________________________
* TestCase11.py  *       LOW      *         10         *       0         *       False     *  None
_________________________________________________________________________________________________________________
*   Average Test-Case Length               =                         69.5
*   Average Action per Test-case           =                         19.75
*****************************************************************************************************************