*****************************************************************************************************************
*   FILENAME    *    PRIORITY    *  TEST-CASE LENGTH  *  NUMBER OF ACTIONS  *    BUG PRODUCED  *  EXCEPTION
*****************************************************************************************************************
* Readme  *      HIGH      *         4         *       0         *       True     *  test-case failed to execute with following message: b'  File "Readme", line 1\r\n    This empty-file is needed to run AGTGAdriver.press_keycode(3) \r\n             ^\r\nSyntaxError: invalid syntax\r\n'
_________________________________________________________________________________________________________________
* TestCase00.py  *      MEDIUM      *         97         *       26         *       False     *  None
_________________________________________________________________________________________________________________
* TestCase01.py  *      MEDIUM      *         54         *       12         *       False     *  None
_________________________________________________________________________________________________________________
* TestCase02.py  *      HIGH      *         43         *       8         *       True     *  test-case failed to execute with following message: b'Traceback (most recent call last):\r\n  File "TestCase02.py", line 24, in <module>\r\n    el.click()\r\nAttributeError: \'NoneType\' object has no attribute \'click\'\r\n'
_________________________________________________________________________________________________________________
* TestCase03.py  *      MEDIUM      *         87         *       22         *       False     *  Server-side error occurred. Please rerun this test-case
_________________________________________________________________________________________________________________
* TestCase04.py  *      MEDIUM      *         61         *       14         *       False     *  None
_________________________________________________________________________________________________________________
* TestCase05.py  *       LOW      *         19         *       0         *       False     *  None
_________________________________________________________________________________________________________________
* TestCase06.py  *       LOW      *         19         *       0         *       False     *  None
_________________________________________________________________________________________________________________
* TestCase07.py  *       LOW      *         19         *       0         *       False     *  None
_________________________________________________________________________________________________________________
* TestCase08.py  *       LOW      *         19         *       0         *       False     *  None
_________________________________________________________________________________________________________________
* TestCase09.py  *       LOW      *         19         *       0         *       False     *  None
_________________________________________________________________________________________________________________
* TestCase10.py  *       LOW      *         19         *       0         *       False     *  None
_________________________________________________________________________________________________________________
* TestCase11.py  *       LOW      *         19         *       0         *       False     *  None
_________________________________________________________________________________________________________________
* TestCase12.py  *       LOW      *         19         *       0         *       False     *  None
_________________________________________________________________________________________________________________
* TestCase13.py  *       LOW      *         19         *       0         *       False     *  None
_________________________________________________________________________________________________________________
* TestCase14.py  *       LOW      *         19         *       0         *       False     *  None
_________________________________________________________________________________________________________________
* TestCase15.py  *       LOW      *         19         *       0         *       False     *  None
_________________________________________________________________________________________________________________
* TestCase16.py  *      HIGH      *         103         *       28         *       True     *  test-case failed to execute with following message: b'Traceback (most recent call last):\r\n  File "TestCase16.py", line 81, in <module>\r\n    el.click()\r\nAttributeError: \'NoneType\' object has no attribute \'click\'\r\n'
_________________________________________________________________________________________________________________
* TestCase17.py  *       LOW      *         19         *       0         *       False     *  None
_________________________________________________________________________________________________________________
*   Average Test-Case Length               =                         37.388888888888886
*   Average Action per Test-case           =                         6.111111111111111
*****************************************************************************************************************